2024-06-03 13:07:49 django.utils.autoreload  /home/jn/.local/lib/python3.10/site-packages/django/utils/autoreload.py:612 autoreload:run_with_reloader INFO- Watching for file changes with StatReloader
2024-06-03 13:10:36 django.utils.autoreload  /home/jn/.local/lib/python3.10/site-packages/django/utils/autoreload.py:236 autoreload:trigger_reload INFO- /mnt/c/Users/JackieNan/Projects/votingsystem/voting/views.py changed, reloading.
2024-06-03 13:10:36 django.utils.autoreload  /home/jn/.local/lib/python3.10/site-packages/django/utils/autoreload.py:612 autoreload:run_with_reloader INFO- Watching for file changes with StatReloader
2024-06-03 13:10:45 django.utils.autoreload  /home/jn/.local/lib/python3.10/site-packages/django/utils/autoreload.py:236 autoreload:trigger_reload INFO- /mnt/c/Users/JackieNan/Projects/votingsystem/voting/views.py changed, reloading.
2024-06-03 13:10:45 django.utils.autoreload  /home/jn/.local/lib/python3.10/site-packages/django/utils/autoreload.py:612 autoreload:run_with_reloader INFO- Watching for file changes with StatReloader
2024-06-03 13:10:48 django.utils.autoreload  /home/jn/.local/lib/python3.10/site-packages/django/utils/autoreload.py:236 autoreload:trigger_reload INFO- /mnt/c/Users/JackieNan/Projects/votingsystem/voting/views.py changed, reloading.
2024-06-03 13:10:49 django.utils.autoreload  /home/jn/.local/lib/python3.10/site-packages/django/utils/autoreload.py:612 autoreload:run_with_reloader INFO- Watching for file changes with StatReloader
2024-06-03 13:10:56 django.utils.autoreload  /home/jn/.local/lib/python3.10/site-packages/django/utils/autoreload.py:236 autoreload:trigger_reload INFO- /mnt/c/Users/JackieNan/Projects/votingsystem/voting/views.py changed, reloading.
2024-06-03 13:10:56 django.utils.autoreload  /home/jn/.local/lib/python3.10/site-packages/django/utils/autoreload.py:612 autoreload:run_with_reloader INFO- Watching for file changes with StatReloader
2024-06-03 13:11:06 django.utils.autoreload  /home/jn/.local/lib/python3.10/site-packages/django/utils/autoreload.py:612 autoreload:run_with_reloader INFO- Watching for file changes with StatReloader
2024-06-03 13:12:49 django.utils.autoreload  /home/jn/.local/lib/python3.10/site-packages/django/utils/autoreload.py:236 autoreload:trigger_reload INFO- /mnt/c/Users/JackieNan/Projects/votingsystem/voting/views.py changed, reloading.
2024-06-03 13:12:50 django.utils.autoreload  /home/jn/.local/lib/python3.10/site-packages/django/utils/autoreload.py:612 autoreload:run_with_reloader INFO- Watching for file changes with StatReloader
2024-06-03 13:12:57 django.utils.autoreload  /home/jn/.local/lib/python3.10/site-packages/django/utils/autoreload.py:236 autoreload:trigger_reload INFO- /mnt/c/Users/JackieNan/Projects/votingsystem/voting/views.py changed, reloading.
2024-06-03 13:12:57 django.utils.autoreload  /home/jn/.local/lib/python3.10/site-packages/django/utils/autoreload.py:612 autoreload:run_with_reloader INFO- Watching for file changes with StatReloader
2024-06-03 13:13:03 django.utils.autoreload  /home/jn/.local/lib/python3.10/site-packages/django/utils/autoreload.py:236 autoreload:trigger_reload INFO- /mnt/c/Users/JackieNan/Projects/votingsystem/voting/views.py changed, reloading.
2024-06-03 13:13:03 django.utils.autoreload  /home/jn/.local/lib/python3.10/site-packages/django/utils/autoreload.py:612 autoreload:run_with_reloader INFO- Watching for file changes with StatReloader
2024-06-03 13:13:05 django.utils.autoreload  /home/jn/.local/lib/python3.10/site-packages/django/utils/autoreload.py:236 autoreload:trigger_reload INFO- /mnt/c/Users/JackieNan/Projects/votingsystem/voting/views.py changed, reloading.
2024-06-03 13:13:06 django.utils.autoreload  /home/jn/.local/lib/python3.10/site-packages/django/utils/autoreload.py:612 autoreload:run_with_reloader INFO- Watching for file changes with StatReloader
2024-06-03 13:24:42 django.utils.autoreload  /home/jn/.local/lib/python3.10/site-packages/django/utils/autoreload.py:236 autoreload:trigger_reload INFO- /mnt/c/Users/JackieNan/Projects/votingsystem/account/views.py changed, reloading.
2024-06-03 13:24:43 django.utils.autoreload  /home/jn/.local/lib/python3.10/site-packages/django/utils/autoreload.py:612 autoreload:run_with_reloader INFO- Watching for file changes with StatReloader
2024-06-03 13:28:09 django.utils.autoreload  /home/jn/.local/lib/python3.10/site-packages/django/utils/autoreload.py:236 autoreload:trigger_reload INFO- /mnt/c/Users/JackieNan/Projects/votingsystem/account/forms.py changed, reloading.
2024-06-03 13:28:09 django.utils.autoreload  /home/jn/.local/lib/python3.10/site-packages/django/utils/autoreload.py:612 autoreload:run_with_reloader INFO- Watching for file changes with StatReloader
2024-06-03 13:28:14 django.utils.autoreload  /home/jn/.local/lib/python3.10/site-packages/django/utils/autoreload.py:236 autoreload:trigger_reload INFO- /mnt/c/Users/JackieNan/Projects/votingsystem/account/forms.py changed, reloading.
2024-06-03 13:28:14 django.utils.autoreload  /home/jn/.local/lib/python3.10/site-packages/django/utils/autoreload.py:612 autoreload:run_with_reloader INFO- Watching for file changes with StatReloader
2024-06-05 14:33:43 django.utils.autoreload  /home/jn/.local/lib/python3.10/site-packages/django/utils/autoreload.py:612 autoreload:run_with_reloader INFO- Watching for file changes with StatReloader
2024-06-06 09:14:34 django.utils.autoreload  /home/jn/.local/lib/python3.10/site-packages/django/utils/autoreload.py:612 autoreload:run_with_reloader INFO- Watching for file changes with StatReloader
2024-06-06 09:15:46 django.utils.autoreload  /home/jn/.local/lib/python3.10/site-packages/django/utils/autoreload.py:612 autoreload:run_with_reloader INFO- Watching for file changes with StatReloader
2024-06-06 09:15:58 django.utils.autoreload  /home/jn/.local/lib/python3.10/site-packages/django/utils/autoreload.py:612 autoreload:run_with_reloader INFO- Watching for file changes with StatReloader
2024-06-06 09:18:15 django.utils.autoreload  /home/jn/.local/lib/python3.10/site-packages/django/utils/autoreload.py:612 autoreload:run_with_reloader INFO- Watching for file changes with StatReloader
2024-06-07 08:30:58 django.utils.autoreload  /home/jn/.local/lib/python3.10/site-packages/django/utils/autoreload.py:236 autoreload:trigger_reload INFO- /mnt/c/Users/JackieNan/Projects/votingsystem/account/middleware.py changed, reloading.
2024-06-07 08:30:59 django.utils.autoreload  /home/jn/.local/lib/python3.10/site-packages/django/utils/autoreload.py:612 autoreload:run_with_reloader INFO- Watching for file changes with StatReloader
2024-06-07 08:31:12 django.utils.autoreload  /home/jn/.local/lib/python3.10/site-packages/django/utils/autoreload.py:236 autoreload:trigger_reload INFO- /mnt/c/Users/JackieNan/Projects/votingsystem/account/middleware.py changed, reloading.
2024-06-07 08:31:13 django.utils.autoreload  /home/jn/.local/lib/python3.10/site-packages/django/utils/autoreload.py:612 autoreload:run_with_reloader INFO- Watching for file changes with StatReloader
2024-06-07 08:31:20 django.utils.autoreload  /home/jn/.local/lib/python3.10/site-packages/django/utils/autoreload.py:236 autoreload:trigger_reload INFO- /mnt/c/Users/JackieNan/Projects/votingsystem/account/middleware.py changed, reloading.
2024-06-07 08:31:20 django.utils.autoreload  /home/jn/.local/lib/python3.10/site-packages/django/utils/autoreload.py:612 autoreload:run_with_reloader INFO- Watching for file changes with StatReloader
2024-06-07 08:31:46 django.utils.autoreload  /home/jn/.local/lib/python3.10/site-packages/django/utils/autoreload.py:236 autoreload:trigger_reload INFO- /mnt/c/Users/JackieNan/Projects/votingsystem/account/middleware.py changed, reloading.
2024-06-07 08:31:46 django.utils.autoreload  /home/jn/.local/lib/python3.10/site-packages/django/utils/autoreload.py:612 autoreload:run_with_reloader INFO- Watching for file changes with StatReloader
2024-06-07 08:31:53 django.utils.autoreload  /home/jn/.local/lib/python3.10/site-packages/django/utils/autoreload.py:236 autoreload:trigger_reload INFO- /mnt/c/Users/JackieNan/Projects/votingsystem/account/middleware.py changed, reloading.
2024-06-07 08:31:53 django.utils.autoreload  /home/jn/.local/lib/python3.10/site-packages/django/utils/autoreload.py:612 autoreload:run_with_reloader INFO- Watching for file changes with StatReloader
2024-06-07 08:32:09 django.utils.autoreload  /home/jn/.local/lib/python3.10/site-packages/django/utils/autoreload.py:236 autoreload:trigger_reload INFO- /mnt/c/Users/JackieNan/Projects/votingsystem/account/middleware.py changed, reloading.
2024-06-07 08:32:10 django.utils.autoreload  /home/jn/.local/lib/python3.10/site-packages/django/utils/autoreload.py:612 autoreload:run_with_reloader INFO- Watching for file changes with StatReloader
2024-06-07 08:32:15 django.utils.autoreload  /home/jn/.local/lib/python3.10/site-packages/django/utils/autoreload.py:236 autoreload:trigger_reload INFO- /mnt/c/Users/JackieNan/Projects/votingsystem/account/middleware.py changed, reloading.
2024-06-07 08:32:15 django.utils.autoreload  /home/jn/.local/lib/python3.10/site-packages/django/utils/autoreload.py:612 autoreload:run_with_reloader INFO- Watching for file changes with StatReloader
2024-06-07 08:32:19 django.utils.autoreload  /home/jn/.local/lib/python3.10/site-packages/django/utils/autoreload.py:236 autoreload:trigger_reload INFO- /mnt/c/Users/JackieNan/Projects/votingsystem/account/middleware.py changed, reloading.
2024-06-07 08:32:19 django.utils.autoreload  /home/jn/.local/lib/python3.10/site-packages/django/utils/autoreload.py:612 autoreload:run_with_reloader INFO- Watching for file changes with StatReloader
2024-06-07 08:32:24 django.utils.autoreload  /home/jn/.local/lib/python3.10/site-packages/django/utils/autoreload.py:236 autoreload:trigger_reload INFO- /mnt/c/Users/JackieNan/Projects/votingsystem/account/middleware.py changed, reloading.
2024-06-07 08:32:24 django.utils.autoreload  /home/jn/.local/lib/python3.10/site-packages/django/utils/autoreload.py:612 autoreload:run_with_reloader INFO- Watching for file changes with StatReloader
2024-06-07 08:32:29 django.utils.autoreload  /home/jn/.local/lib/python3.10/site-packages/django/utils/autoreload.py:236 autoreload:trigger_reload INFO- /mnt/c/Users/JackieNan/Projects/votingsystem/account/middleware.py changed, reloading.
2024-06-07 08:32:30 django.utils.autoreload  /home/jn/.local/lib/python3.10/site-packages/django/utils/autoreload.py:612 autoreload:run_with_reloader INFO- Watching for file changes with StatReloader
2024-06-07 08:32:35 django.utils.autoreload  /home/jn/.local/lib/python3.10/site-packages/django/utils/autoreload.py:236 autoreload:trigger_reload INFO- /mnt/c/Users/JackieNan/Projects/votingsystem/account/middleware.py changed, reloading.
2024-06-07 08:32:36 django.utils.autoreload  /home/jn/.local/lib/python3.10/site-packages/django/utils/autoreload.py:612 autoreload:run_with_reloader INFO- Watching for file changes with StatReloader
2024-06-07 08:32:49 django.utils.autoreload  /home/jn/.local/lib/python3.10/site-packages/django/utils/autoreload.py:236 autoreload:trigger_reload INFO- /mnt/c/Users/JackieNan/Projects/votingsystem/account/middleware.py changed, reloading.
2024-06-07 08:32:49 django.utils.autoreload  /home/jn/.local/lib/python3.10/site-packages/django/utils/autoreload.py:612 autoreload:run_with_reloader INFO- Watching for file changes with StatReloader
2024-06-07 08:33:21 django.utils.autoreload  /home/jn/.local/lib/python3.10/site-packages/django/utils/autoreload.py:236 autoreload:trigger_reload INFO- /mnt/c/Users/JackieNan/Projects/votingsystem/account/middleware.py changed, reloading.
2024-06-07 08:33:21 django.utils.autoreload  /home/jn/.local/lib/python3.10/site-packages/django/utils/autoreload.py:612 autoreload:run_with_reloader INFO- Watching for file changes with StatReloader
2024-06-07 12:52:26 django.utils.autoreload  /home/jn/.local/lib/python3.10/site-packages/django/utils/autoreload.py:236 autoreload:trigger_reload INFO- /mnt/c/Users/JackieNan/Projects/votingsystem/account/forms.py changed, reloading.
2024-06-07 12:52:27 django.utils.autoreload  /home/jn/.local/lib/python3.10/site-packages/django/utils/autoreload.py:612 autoreload:run_with_reloader INFO- Watching for file changes with StatReloader
2024-06-07 12:52:33 django.utils.autoreload  /home/jn/.local/lib/python3.10/site-packages/django/utils/autoreload.py:236 autoreload:trigger_reload INFO- /mnt/c/Users/JackieNan/Projects/votingsystem/account/forms.py changed, reloading.
2024-06-07 12:52:33 django.utils.autoreload  /home/jn/.local/lib/python3.10/site-packages/django/utils/autoreload.py:612 autoreload:run_with_reloader INFO- Watching for file changes with StatReloader
2024-06-07 13:16:32 django.utils.autoreload  /home/jn/.local/lib/python3.10/site-packages/django/utils/autoreload.py:236 autoreload:trigger_reload INFO- /mnt/c/Users/JackieNan/Projects/votingsystem/voting/models.py changed, reloading.
2024-06-07 13:16:33 django.utils.autoreload  /home/jn/.local/lib/python3.10/site-packages/django/utils/autoreload.py:612 autoreload:run_with_reloader INFO- Watching for file changes with StatReloader
2024-06-09 03:50:30 django.utils.autoreload  /home/jn/.local/lib/python3.10/site-packages/django/utils/autoreload.py:612 autoreload:run_with_reloader INFO- Watching for file changes with StatReloader
2024-06-09 03:52:09 django.utils.autoreload  /home/jn/.local/lib/python3.10/site-packages/django/utils/autoreload.py:612 autoreload:run_with_reloader INFO- Watching for file changes with StatReloader
2024-06-13 15:32:55 django.utils.autoreload  /home/jn/.local/lib/python3.10/site-packages/django/utils/autoreload.py:612 autoreload:run_with_reloader INFO- Watching for file changes with StatReloader
2024-07-24 14:14:30 django.utils.autoreload  /home/jn/.local/lib/python3.10/site-packages/django/utils/autoreload.py:612 autoreload:run_with_reloader INFO- Watching for file changes with StatReloader
2024-07-25 02:43:05 django.utils.autoreload  /home/jn/.local/lib/python3.10/site-packages/django/utils/autoreload.py:612 autoreload:run_with_reloader INFO- Watching for file changes with StatReloader
2024-07-28 13:32:37 django.utils.autoreload  C:\Users\JackieNan\Projects\VotingSystemwithSpider\venv\Lib\site-packages\django\utils\autoreload.py:668 autoreload:run_with_reloader INFO- Watching for file changes with StatReloader
2024-07-28 13:35:13 django.utils.autoreload  C:\Users\JackieNan\Projects\VotingSystemwithSpider\venv\Lib\site-packages\django\utils\autoreload.py:668 autoreload:run_with_reloader INFO- Watching for file changes with StatReloader
2024-07-28 13:40:25 django.utils.autoreload  C:\Users\JackieNan\Projects\VotingSystemwithSpider\venv\Lib\site-packages\django\utils\autoreload.py:668 autoreload:run_with_reloader INFO- Watching for file changes with StatReloader
2024-07-28 13:56:54 django.utils.autoreload  C:\Users\JackieNan\Projects\VotingSystemwithSpider\.venv\Lib\site-packages\django\utils\autoreload.py:668 autoreload:run_with_reloader INFO- Watching for file changes with StatReloader
